{"D:\\OneDrive\\frontend\\packages\\zrunner\\src\\zrunner\\observer\\observer.ts": {"path":"D:\\OneDrive\\frontend\\packages\\zrunner\\src\\zrunner\\observer\\observer.ts","statementMap":{"0":{"start":{"line":9,"column":4},"end":{"line":9,"column":24}},"1":{"start":{"line":13,"column":4},"end":{"line":16,"column":null}},"2":{"start":{"line":14,"column":6},"end":{"line":14,"column":33}},"3":{"start":{"line":15,"column":6},"end":{"line":15,"column":18}},"4":{"start":{"line":17,"column":4},"end":{"line":17,"column":17}},"5":{"start":{"line":21,"column":28},"end":{"line":21,"column":57}},"6":{"start":{"line":22,"column":4},"end":{"line":25,"column":null}},"7":{"start":{"line":23,"column":6},"end":{"line":23,"column":40}},"8":{"start":{"line":24,"column":6},"end":{"line":24,"column":18}},"9":{"start":{"line":26,"column":4},"end":{"line":26,"column":17}},"10":{"start":{"line":30,"column":4},"end":{"line":30,"column":48}},"11":{"start":{"line":30,"column":35},"end":{"line":30,"column":48}},"12":{"start":{"line":31,"column":4},"end":{"line":33,"column":7}},"13":{"start":{"line":32,"column":6},"end":{"line":32,"column":21}},"14":{"start":{"line":34,"column":4},"end":{"line":34,"column":16}},"15":{"start":{"line":38,"column":0},"end":{"line":38,"column":24}}},"fnMap":{"0":{"name":"(anonymous_0)","decl":{"start":{"line":8,"column":2},"end":{"line":8,"column":null}},"loc":{"start":{"line":8,"column":2},"end":{"line":10,"column":3}}},"1":{"name":"(anonymous_1)","decl":{"start":{"line":12,"column":2},"end":{"line":12,"column":11}},"loc":{"start":{"line":12,"column":25},"end":{"line":18,"column":3}}},"2":{"name":"(anonymous_2)","decl":{"start":{"line":20,"column":2},"end":{"line":20,"column":13}},"loc":{"start":{"line":20,"column":27},"end":{"line":27,"column":3}}},"3":{"name":"(anonymous_3)","decl":{"start":{"line":29,"column":2},"end":{"line":29,"column":9}},"loc":{"start":{"line":29,"column":43},"end":{"line":35,"column":3}}},"4":{"name":"(anonymous_4)","decl":{"start":{"line":31,"column":27},"end":{"line":31,"column":28}},"loc":{"start":{"line":31,"column":40},"end":{"line":33,"column":5}}}},"branchMap":{"0":{"loc":{"start":{"line":13,"column":4},"end":{"line":16,"column":null}},"type":"if","locations":[{"start":{"line":13,"column":4},"end":{"line":16,"column":null}},{"start":{"line":13,"column":4},"end":{"line":16,"column":null}}]},"1":{"loc":{"start":{"line":22,"column":4},"end":{"line":25,"column":null}},"type":"if","locations":[{"start":{"line":22,"column":4},"end":{"line":25,"column":null}},{"start":{"line":22,"column":4},"end":{"line":25,"column":null}}]},"2":{"loc":{"start":{"line":30,"column":4},"end":{"line":30,"column":48}},"type":"if","locations":[{"start":{"line":30,"column":4},"end":{"line":30,"column":48}},{"start":{"line":30,"column":4},"end":{"line":30,"column":48}}]}},"s":{"0":1,"1":5,"2":4,"3":4,"4":1,"5":2,"6":2,"7":1,"8":1,"9":1,"10":2,"11":1,"12":1,"13":1,"14":1,"15":1},"f":{"0":1,"1":5,"2":2,"3":2,"4":1},"b":{"0":[4,1],"1":[1,1],"2":[1,1]}}
}
