{"D:\\OneDrive\\frontend\\packages\\zrunner\\src\\zrunner\\observer.ts": {"path":"D:\\OneDrive\\frontend\\packages\\zrunner\\src\\zrunner\\observer.ts","statementMap":{"0":{"start":{"line":7,"column":4},"end":{"line":7,"column":24}},"1":{"start":{"line":11,"column":4},"end":{"line":14,"column":null}},"2":{"start":{"line":12,"column":6},"end":{"line":12,"column":32}},"3":{"start":{"line":13,"column":6},"end":{"line":13,"column":18}},"4":{"start":{"line":15,"column":4},"end":{"line":15,"column":17}},"5":{"start":{"line":19,"column":28},"end":{"line":19,"column":56}},"6":{"start":{"line":20,"column":4},"end":{"line":23,"column":null}},"7":{"start":{"line":21,"column":6},"end":{"line":21,"column":40}},"8":{"start":{"line":22,"column":6},"end":{"line":22,"column":18}},"9":{"start":{"line":24,"column":4},"end":{"line":24,"column":17}},"10":{"start":{"line":28,"column":0},"end":{"line":28,"column":24}}},"fnMap":{"0":{"name":"(anonymous_0)","decl":{"start":{"line":6,"column":2},"end":{"line":6,"column":null}},"loc":{"start":{"line":6,"column":2},"end":{"line":8,"column":3}}},"1":{"name":"(anonymous_1)","decl":{"start":{"line":10,"column":2},"end":{"line":10,"column":11}},"loc":{"start":{"line":10,"column":27},"end":{"line":16,"column":3}}},"2":{"name":"(anonymous_2)","decl":{"start":{"line":18,"column":2},"end":{"line":18,"column":13}},"loc":{"start":{"line":18,"column":29},"end":{"line":25,"column":3}}}},"branchMap":{"0":{"loc":{"start":{"line":11,"column":4},"end":{"line":14,"column":null}},"type":"if","locations":[{"start":{"line":11,"column":4},"end":{"line":14,"column":null}},{"start":{"line":11,"column":4},"end":{"line":14,"column":null}}]},"1":{"loc":{"start":{"line":20,"column":4},"end":{"line":23,"column":null}},"type":"if","locations":[{"start":{"line":20,"column":4},"end":{"line":23,"column":null}},{"start":{"line":20,"column":4},"end":{"line":23,"column":null}}]}},"s":{"0":1,"1":4,"2":1,"3":1,"4":3,"5":2,"6":2,"7":1,"8":1,"9":1,"10":1},"f":{"0":1,"1":4,"2":2},"b":{"0":[1,3],"1":[1,1]}}
}
